<?xml version="1.0" encoding="UTF-8"?>
<!-- Generated by org.testng.reporters.JUnitReportReporter -->
<testsuite hostname="DESKTOP-JVOMMMF" failures="0" tests="1" name="tests.BaseClass" time="0.003" errors="0" timestamp="06 Mar 2022 00:49:34 GMT" skipped="0">
  <testcase classname="tests.BaseClass" name="sampletest" time="0.003"/>
</testsuite> <!-- tests.BaseClass -->
